Requirement already satisfied: pip in ./venv/lib/python3.12/site-packages (24.0)
Collecting pip
  Using cached pip-26.0.1-py3-none-any.whl.metadata (4.7 kB)
Using cached pip-26.0.1-py3-none-any.whl (1.8 MB)
Installing collected packages: pip
  Attempting uninstall: pip
    Found existing installation: pip 24.0
    Uninstalling pip-24.0:
      Successfully uninstalled pip-24.0
Successfully installed pip-26.0.1
Collecting fastapi==0.109.0 (from -r requirements.txt (line 2))
  Downloading fastapi-0.109.0-py3-none-any.whl.metadata (24 kB)
Collecting uvicorn==0.27.0 (from uvicorn[standard]==0.27.0->-r requirements.txt (line 3))
  Downloading uvicorn-0.27.0-py3-none-any.whl.metadata (6.4 kB)
Collecting python-multipart==0.0.6 (from -r requirements.txt (line 4))
  Downloading python_multipart-0.0.6-py3-none-any.whl.metadata (2.5 kB)
Collecting supabase==2.3.4 (from -r requirements.txt (line 7))
  Downloading supabase-2.3.4-py3-none-any.whl.metadata (8.5 kB)
Collecting psycopg2-binary==2.9.9 (from -r requirements.txt (line 8))
  Downloading psycopg2_binary-2.9.9-cp312-cp312-manylinux_2_17_x86_64.manylinux2014_x86_64.whl.metadata (4.4 kB)
Collecting sqlalchemy==2.0.25 (from -r requirements.txt (line 9))
  Downloading SQLAlchemy-2.0.25-cp312-cp312-manylinux_2_17_x86_64.manylinux2014_x86_64.whl.metadata (9.6 kB)
Collecting alembic==1.13.1 (from -r requirements.txt (line 10))
  Downloading alembic-1.13.1-py3-none-any.whl.metadata (7.4 kB)
Collecting redis==5.0.1 (from -r requirements.txt (line 11))
  Downloading redis-5.0.1-py3-none-any.whl.metadata (8.9 kB)
Collecting python-jose==3.3.0 (from python-jose[cryptography]==3.3.0->-r requirements.txt (line 14))
  Downloading python_jose-3.3.0-py2.py3-none-any.whl.metadata (5.4 kB)
Collecting passlib==1.7.4 (from passlib[bcrypt]==1.7.4->-r requirements.txt (line 15))
  Downloading passlib-1.7.4-py2.py3-none-any.whl.metadata (1.7 kB)
Collecting python-dotenv==1.0.0 (from -r requirements.txt (line 16))
  Downloading python_dotenv-1.0.0-py3-none-any.whl.metadata (21 kB)
Collecting cryptography==42.0.0 (from -r requirements.txt (line 17))
  Downloading cryptography-42.0.0-cp39-abi3-manylinux_2_28_x86_64.whl.metadata (5.3 kB)
Collecting httpx==0.26.0 (from -r requirements.txt (line 20))
  Downloading httpx-0.26.0-py3-none-any.whl.metadata (7.6 kB)
Collecting aiohttp==3.9.1 (from -r requirements.txt (line 21))
  Downloading aiohttp-3.9.1-cp312-cp312-manylinux_2_17_x86_64.manylinux2014_x86_64.whl.metadata (7.4 kB)
Collecting requests==2.31.0 (from -r requirements.txt (line 22))
  Downloading requests-2.31.0-py3-none-any.whl.metadata (4.6 kB)
Collecting web3==6.15.0 (from -r requirements.txt (line 25))
  Downloading web3-6.15.0-py3-none-any.whl.metadata (4.9 kB)
Collecting eth-account==0.10.0 (from -r requirements.txt (line 26))
  Downloading eth_account-0.10.0-py3-none-any.whl.metadata (5.4 kB)
Collecting pandas==2.2.0 (from -r requirements.txt (line 29))
  Downloading pandas-2.2.0-cp312-cp312-manylinux_2_17_x86_64.manylinux2014_x86_64.whl.metadata (19 kB)
Collecting numpy==1.26.3 (from -r requirements.txt (line 30))
  Downloading numpy-1.26.3-cp312-cp312-manylinux_2_17_x86_64.manylinux2014_x86_64.whl.metadata (61 kB)
Collecting pydantic==2.5.3 (from -r requirements.txt (line 31))
  Downloading pydantic-2.5.3-py3-none-any.whl.metadata (65 kB)
Collecting pytesseract==0.3.10 (from -r requirements.txt (line 34))
  Downloading pytesseract-0.3.10-py3-none-any.whl.metadata (11 kB)
Collecting Pillow==10.2.0 (from -r requirements.txt (line 35))
  Downloading pillow-10.2.0-cp312-cp312-manylinux_2_28_x86_64.whl.metadata (9.7 kB)
Collecting python-magic==0.4.27 (from -r requirements.txt (line 36))
  Using cached python_magic-0.4.27-py2.py3-none-any.whl.metadata (5.8 kB)
Collecting python-dateutil==2.8.2 (from -r requirements.txt (line 39))
  Downloading python_dateutil-2.8.2-py2.py3-none-any.whl.metadata (8.2 kB)
Collecting celery==5.3.6 (from -r requirements.txt (line 40))
  Downloading celery-5.3.6-py3-none-any.whl.metadata (21 kB)
Collecting celery-redbeat==2.2.0 (from -r requirements.txt (line 41))
  Downloading celery-redbeat-2.2.0.tar.gz (21 kB)
  Installing build dependencies: started
  Installing build dependencies: finished with status 'done'
  Getting requirements to build wheel: started
  Getting requirements to build wheel: finished with status 'done'
  Preparing metadata (pyproject.toml): started
  Preparing metadata (pyproject.toml): finished with status 'done'
Collecting sentry-sdk==1.40.0 (from -r requirements.txt (line 42))
  Downloading sentry_sdk-1.40.0-py2.py3-none-any.whl.metadata (9.7 kB)
Collecting structlog==24.1.0 (from -r requirements.txt (line 43))
  Downloading structlog-24.1.0-py3-none-any.whl.metadata (6.9 kB)
Collecting pytest==8.0.0 (from -r requirements.txt (line 46))
  Downloading pytest-8.0.0-py3-none-any.whl.metadata (7.8 kB)
Collecting pytest-asyncio==0.23.4 (from -r requirements.txt (line 47))
  Downloading pytest_asyncio-0.23.4-py3-none-any.whl.metadata (3.9 kB)
Collecting starlette<0.36.0,>=0.35.0 (from fastapi==0.109.0->-r requirements.txt (line 2))
  Downloading starlette-0.35.1-py3-none-any.whl.metadata (5.8 kB)
Collecting typing-extensions>=4.8.0 (from fastapi==0.109.0->-r requirements.txt (line 2))
  Using cached typing_extensions-4.15.0-py3-none-any.whl.metadata (3.3 kB)
Collecting annotated-types>=0.4.0 (from pydantic==2.5.3->-r requirements.txt (line 31))
  Using cached annotated_types-0.7.0-py3-none-any.whl.metadata (15 kB)
Collecting pydantic-core==2.14.6 (from pydantic==2.5.3->-r requirements.txt (line 31))
  Downloading pydantic_core-2.14.6-cp312-cp312-manylinux_2_17_x86_64.manylinux2014_x86_64.whl.metadata (6.5 kB)
Collecting click>=7.0 (from uvicorn==0.27.0->uvicorn[standard]==0.27.0->-r requirements.txt (line 3))
  Using cached click-8.3.2-py3-none-any.whl.metadata (2.6 kB)
Collecting h11>=0.8 (from uvicorn==0.27.0->uvicorn[standard]==0.27.0->-r requirements.txt (line 3))
  Using cached h11-0.16.0-py3-none-any.whl.metadata (8.3 kB)
Collecting gotrue<3.0,>=1.3 (from supabase==2.3.4->-r requirements.txt (line 7))
  Downloading gotrue-2.12.4-py3-none-any.whl.metadata (2.0 kB)
INFO: pip is looking at multiple versions of supabase to determine which version is compatible with other requirements. This could take a while.
ERROR: Cannot install -r requirements.txt (line 7) and httpx==0.26.0 because these package versions have conflicting dependencies.

The conflict is caused by:
    The user requested httpx==0.26.0
    The user requested httpx==0.26.0
    supabase 2.3.4 depends on httpx<0.26 and >=0.24

Additionally, some packages in these conflicts have no matching distributions available for your environment:
    httpx

To fix this you could try to:
1. loosen the range of package versions you've specified
2. remove package versions to allow pip to attempt to solve the dependency conflict

ERROR: ResolutionImpossible: for help visit https://pip.pypa.io/en/latest/topics/dependency-resolution/#dealing-with-dependency-conflicts
