Collecting fastapi==0.109.0 (from -r requirements.txt (line 2))
  Using cached fastapi-0.109.0-py3-none-any.whl.metadata (24 kB)
Collecting uvicorn==0.27.0 (from uvicorn[standard]==0.27.0->-r requirements.txt (line 3))
  Using cached uvicorn-0.27.0-py3-none-any.whl.metadata (6.4 kB)
Collecting python-multipart==0.0.6 (from -r requirements.txt (line 4))
  Using cached python_multipart-0.0.6-py3-none-any.whl.metadata (2.5 kB)
Collecting supabase==2.3.4 (from -r requirements.txt (line 7))
  Using cached supabase-2.3.4-py3-none-any.whl.metadata (8.5 kB)
Collecting psycopg2-binary==2.9.9 (from -r requirements.txt (line 8))
  Using cached psycopg2_binary-2.9.9-cp312-cp312-manylinux_2_17_x86_64.manylinux2014_x86_64.whl.metadata (4.4 kB)
Collecting sqlalchemy==2.0.25 (from -r requirements.txt (line 9))
  Using cached SQLAlchemy-2.0.25-cp312-cp312-manylinux_2_17_x86_64.manylinux2014_x86_64.whl.metadata (9.6 kB)
Collecting alembic==1.13.1 (from -r requirements.txt (line 10))
  Using cached alembic-1.13.1-py3-none-any.whl.metadata (7.4 kB)
Collecting redis==5.0.1 (from -r requirements.txt (line 11))
  Using cached redis-5.0.1-py3-none-any.whl.metadata (8.9 kB)
Collecting python-jose==3.3.0 (from python-jose[cryptography]==3.3.0->-r requirements.txt (line 14))
  Using cached python_jose-3.3.0-py2.py3-none-any.whl.metadata (5.4 kB)
Collecting passlib==1.7.4 (from passlib[bcrypt]==1.7.4->-r requirements.txt (line 15))
  Using cached passlib-1.7.4-py2.py3-none-any.whl.metadata (1.7 kB)
Collecting python-dotenv==1.0.0 (from -r requirements.txt (line 16))
  Using cached python_dotenv-1.0.0-py3-none-any.whl.metadata (21 kB)
Collecting cryptography==42.0.0 (from -r requirements.txt (line 17))
  Using cached cryptography-42.0.0-cp39-abi3-manylinux_2_28_x86_64.whl.metadata (5.3 kB)
Collecting httpx<0.26.0,>=0.24.0 (from -r requirements.txt (line 20))
  Using cached httpx-0.25.2-py3-none-any.whl.metadata (6.9 kB)
Collecting aiohttp==3.9.1 (from -r requirements.txt (line 21))
  Using cached aiohttp-3.9.1-cp312-cp312-manylinux_2_17_x86_64.manylinux2014_x86_64.whl.metadata (7.4 kB)
Collecting requests==2.31.0 (from -r requirements.txt (line 22))
  Using cached requests-2.31.0-py3-none-any.whl.metadata (4.6 kB)
Collecting web3==6.15.0 (from -r requirements.txt (line 25))
  Using cached web3-6.15.0-py3-none-any.whl.metadata (4.9 kB)
Collecting eth-account==0.10.0 (from -r requirements.txt (line 26))
  Using cached eth_account-0.10.0-py3-none-any.whl.metadata (5.4 kB)
Collecting pandas==2.2.0 (from -r requirements.txt (line 29))
  Using cached pandas-2.2.0-cp312-cp312-manylinux_2_17_x86_64.manylinux2014_x86_64.whl.metadata (19 kB)
Collecting numpy==1.26.3 (from -r requirements.txt (line 30))
  Using cached numpy-1.26.3-cp312-cp312-manylinux_2_17_x86_64.manylinux2014_x86_64.whl.metadata (61 kB)
Collecting pydantic==2.5.3 (from -r requirements.txt (line 31))
  Using cached pydantic-2.5.3-py3-none-any.whl.metadata (65 kB)
Collecting pytesseract==0.3.10 (from -r requirements.txt (line 34))
  Using cached pytesseract-0.3.10-py3-none-any.whl.metadata (11 kB)
Collecting Pillow==10.2.0 (from -r requirements.txt (line 35))
  Using cached pillow-10.2.0-cp312-cp312-manylinux_2_28_x86_64.whl.metadata (9.7 kB)
Collecting python-magic==0.4.27 (from -r requirements.txt (line 36))
  Using cached python_magic-0.4.27-py2.py3-none-any.whl.metadata (5.8 kB)
Collecting python-dateutil==2.8.2 (from -r requirements.txt (line 39))
  Using cached python_dateutil-2.8.2-py2.py3-none-any.whl.metadata (8.2 kB)
Collecting celery==5.3.6 (from -r requirements.txt (line 40))
  Using cached celery-5.3.6-py3-none-any.whl.metadata (21 kB)
Collecting celery-redbeat==2.2.0 (from -r requirements.txt (line 41))
  Using cached celery-redbeat-2.2.0.tar.gz (21 kB)
  Installing build dependencies: started
  Installing build dependencies: finished with status 'done'
  Getting requirements to build wheel: started
  Getting requirements to build wheel: finished with status 'done'
  Preparing metadata (pyproject.toml): started
  Preparing metadata (pyproject.toml): finished with status 'done'
Collecting sentry-sdk==1.40.0 (from -r requirements.txt (line 42))
  Using cached sentry_sdk-1.40.0-py2.py3-none-any.whl.metadata (9.7 kB)
Collecting structlog==24.1.0 (from -r requirements.txt (line 43))
  Using cached structlog-24.1.0-py3-none-any.whl.metadata (6.9 kB)
Collecting pytest==8.0.0 (from -r requirements.txt (line 46))
  Using cached pytest-8.0.0-py3-none-any.whl.metadata (7.8 kB)
Collecting pytest-asyncio==0.23.4 (from -r requirements.txt (line 47))
  Using cached pytest_asyncio-0.23.4-py3-none-any.whl.metadata (3.9 kB)
Collecting starlette<0.36.0,>=0.35.0 (from fastapi==0.109.0->-r requirements.txt (line 2))
  Using cached starlette-0.35.1-py3-none-any.whl.metadata (5.8 kB)
Collecting typing-extensions>=4.8.0 (from fastapi==0.109.0->-r requirements.txt (line 2))
  Using cached typing_extensions-4.15.0-py3-none-any.whl.metadata (3.3 kB)
Collecting annotated-types>=0.4.0 (from pydantic==2.5.3->-r requirements.txt (line 31))
  Using cached annotated_types-0.7.0-py3-none-any.whl.metadata (15 kB)
Collecting pydantic-core==2.14.6 (from pydantic==2.5.3->-r requirements.txt (line 31))
  Using cached pydantic_core-2.14.6-cp312-cp312-manylinux_2_17_x86_64.manylinux2014_x86_64.whl.metadata (6.5 kB)
Collecting click>=7.0 (from uvicorn==0.27.0->uvicorn[standard]==0.27.0->-r requirements.txt (line 3))
  Using cached click-8.3.2-py3-none-any.whl.metadata (2.6 kB)
Collecting h11>=0.8 (from uvicorn==0.27.0->uvicorn[standard]==0.27.0->-r requirements.txt (line 3))
  Using cached h11-0.16.0-py3-none-any.whl.metadata (8.3 kB)
Collecting gotrue<3.0,>=1.3 (from supabase==2.3.4->-r requirements.txt (line 7))
  Using cached gotrue-2.12.4-py3-none-any.whl.metadata (2.0 kB)
Collecting postgrest<0.16.0,>=0.10.8 (from supabase==2.3.4->-r requirements.txt (line 7))
  Downloading postgrest-0.15.1-py3-none-any.whl.metadata (5.1 kB)
Collecting realtime<2.0.0,>=1.0.0 (from supabase==2.3.4->-r requirements.txt (line 7))
  Downloading realtime-1.0.6-py3-none-any.whl.metadata (2.6 kB)
Collecting storage3<0.8.0,>=0.5.3 (from supabase==2.3.4->-r requirements.txt (line 7))
  Downloading storage3-0.7.7-py3-none-any.whl.metadata (1.9 kB)
Collecting supafunc<0.4.0,>=0.3.1 (from supabase==2.3.4->-r requirements.txt (line 7))
  Downloading supafunc-0.3.3-py3-none-any.whl.metadata (1.2 kB)
Collecting greenlet!=0.4.17 (from sqlalchemy==2.0.25->-r requirements.txt (line 9))
  Downloading greenlet-3.4.0-cp312-cp312-manylinux_2_24_x86_64.manylinux_2_28_x86_64.whl.metadata (3.7 kB)
Collecting Mako (from alembic==1.13.1->-r requirements.txt (line 10))
  Downloading mako-1.3.10-py3-none-any.whl.metadata (2.9 kB)
Collecting ecdsa!=0.15 (from python-jose==3.3.0->python-jose[cryptography]==3.3.0->-r requirements.txt (line 14))
  Downloading ecdsa-0.19.2-py2.py3-none-any.whl.metadata (29 kB)
Collecting rsa (from python-jose==3.3.0->python-jose[cryptography]==3.3.0->-r requirements.txt (line 14))
  Downloading rsa-4.9.1-py3-none-any.whl.metadata (5.6 kB)
Collecting pyasn1 (from python-jose==3.3.0->python-jose[cryptography]==3.3.0->-r requirements.txt (line 14))
  Downloading pyasn1-0.6.3-py3-none-any.whl.metadata (8.4 kB)
Collecting cffi>=1.12 (from cryptography==42.0.0->-r requirements.txt (line 17))
  Using cached cffi-2.0.0-cp312-cp312-manylinux2014_x86_64.manylinux_2_17_x86_64.whl.metadata (2.6 kB)
Collecting attrs>=17.3.0 (from aiohttp==3.9.1->-r requirements.txt (line 21))
  Using cached attrs-26.1.0-py3-none-any.whl.metadata (8.8 kB)
Collecting multidict<7.0,>=4.5 (from aiohttp==3.9.1->-r requirements.txt (line 21))
  Using cached multidict-6.7.1-cp312-cp312-manylinux2014_x86_64.manylinux_2_17_x86_64.manylinux_2_28_x86_64.whl.metadata (5.3 kB)
Collecting yarl<2.0,>=1.0 (from aiohttp==3.9.1->-r requirements.txt (line 21))
  Using cached yarl-1.23.0-cp312-cp312-manylinux2014_x86_64.manylinux_2_17_x86_64.manylinux_2_28_x86_64.whl.metadata (79 kB)
Collecting frozenlist>=1.1.1 (from aiohttp==3.9.1->-r requirements.txt (line 21))
  Using cached frozenlist-1.8.0-cp312-cp312-manylinux1_x86_64.manylinux_2_28_x86_64.manylinux_2_5_x86_64.whl.metadata (20 kB)
Collecting aiosignal>=1.1.2 (from aiohttp==3.9.1->-r requirements.txt (line 21))
  Using cached aiosignal-1.4.0-py3-none-any.whl.metadata (3.7 kB)
Collecting charset-normalizer<4,>=2 (from requests==2.31.0->-r requirements.txt (line 22))
  Using cached charset_normalizer-3.4.7-cp312-cp312-manylinux2014_x86_64.manylinux_2_17_x86_64.manylinux_2_28_x86_64.whl.metadata (40 kB)
Collecting idna<4,>=2.5 (from requests==2.31.0->-r requirements.txt (line 22))
  Using cached idna-3.11-py3-none-any.whl.metadata (8.4 kB)
Collecting urllib3<3,>=1.21.1 (from requests==2.31.0->-r requirements.txt (line 22))
  Using cached urllib3-2.6.3-py3-none-any.whl.metadata (6.9 kB)
Collecting certifi>=2017.4.17 (from requests==2.31.0->-r requirements.txt (line 22))
  Using cached certifi-2026.2.25-py3-none-any.whl.metadata (2.5 kB)
Collecting eth-abi>=4.0.0 (from web3==6.15.0->-r requirements.txt (line 25))
  Using cached eth_abi-5.2.0-py3-none-any.whl.metadata (3.8 kB)
Collecting eth-hash>=0.5.1 (from eth-hash[pycryptodome]>=0.5.1->web3==6.15.0->-r requirements.txt (line 25))
  Using cached eth_hash-0.8.0-py3-none-any.whl.metadata (4.1 kB)
Collecting eth-typing>=3.0.0 (from web3==6.15.0->-r requirements.txt (line 25))
  Using cached eth_typing-6.0.0-py3-none-any.whl.metadata (3.1 kB)
Collecting eth-utils>=2.1.0 (from web3==6.15.0->-r requirements.txt (line 25))
  Using cached eth_utils-6.0.0-py3-none-any.whl.metadata (5.6 kB)
Collecting hexbytes<0.4.0,>=0.1.0 (from web3==6.15.0->-r requirements.txt (line 25))
  Downloading hexbytes-0.3.1-py3-none-any.whl.metadata (5.5 kB)
Collecting jsonschema>=4.0.0 (from web3==6.15.0->-r requirements.txt (line 25))
  Downloading jsonschema-4.26.0-py3-none-any.whl.metadata (7.6 kB)
Collecting lru-dict<1.3.0,>=1.1.6 (from web3==6.15.0->-r requirements.txt (line 25))
  Downloading lru-dict-1.2.0.tar.gz (10 kB)
  Installing build dependencies: started
  Installing build dependencies: finished with status 'done'
  Getting requirements to build wheel: started
  Getting requirements to build wheel: finished with status 'done'
  Preparing metadata (pyproject.toml): started
  Preparing metadata (pyproject.toml): finished with status 'done'
Collecting protobuf>=4.21.6 (from web3==6.15.0->-r requirements.txt (line 25))
  Downloading protobuf-7.34.1-cp310-abi3-manylinux2014_x86_64.whl.metadata (595 bytes)
Collecting websockets>=10.0.0 (from web3==6.15.0->-r requirements.txt (line 25))
  Downloading websockets-16.0-cp312-cp312-manylinux1_x86_64.manylinux_2_28_x86_64.manylinux_2_5_x86_64.whl.metadata (6.8 kB)
Collecting pyunormalize>=15.0.0 (from web3==6.15.0->-r requirements.txt (line 25))
  Using cached pyunormalize-17.0.0-py3-none-any.whl.metadata (5.7 kB)
Collecting bitarray>=2.4.0 (from eth-account==0.10.0->-r requirements.txt (line 26))
  Using cached bitarray-3.8.1-cp312-cp312-manylinux2014_x86_64.manylinux_2_17_x86_64.manylinux_2_28_x86_64.whl.metadata (34 kB)
Collecting eth-abi>=4.0.0 (from web3==6.15.0->-r requirements.txt (line 25))
  Using cached eth_abi-6.0.0b1-py3-none-any.whl.metadata (3.8 kB)
Collecting eth-keyfile>=0.6.0 (from eth-account==0.10.0->-r requirements.txt (line 26))
  Downloading eth_keyfile-0.9.1-py3-none-any.whl.metadata (11 kB)
Collecting eth-keys>=0.4.0 (from eth-account==0.10.0->-r requirements.txt (line 26))
  Using cached eth_keys-0.7.0-py3-none-any.whl.metadata (13 kB)
Collecting eth-rlp>=0.3.0 (from eth-account==0.10.0->-r requirements.txt (line 26))
  Using cached eth_rlp-2.2.0-py3-none-any.whl.metadata (3.3 kB)
Collecting rlp>=1.0.0 (from eth-account==0.10.0->-r requirements.txt (line 26))
  Using cached rlp-4.1.0-py3-none-any.whl.metadata (3.2 kB)
Collecting pytz>=2020.1 (from pandas==2.2.0->-r requirements.txt (line 29))
  Downloading pytz-2026.1.post1-py2.py3-none-any.whl.metadata (22 kB)
Collecting tzdata>=2022.7 (from pandas==2.2.0->-r requirements.txt (line 29))
  Downloading tzdata-2026.1-py2.py3-none-any.whl.metadata (1.4 kB)
Collecting packaging>=21.3 (from pytesseract==0.3.10->-r requirements.txt (line 34))
  Using cached packaging-26.0-py3-none-any.whl.metadata (3.3 kB)
Collecting six>=1.5 (from python-dateutil==2.8.2->-r requirements.txt (line 39))
  Using cached six-1.17.0-py2.py3-none-any.whl.metadata (1.7 kB)
Collecting billiard<5.0,>=4.2.0 (from celery==5.3.6->-r requirements.txt (line 40))
  Downloading billiard-4.2.4-py3-none-any.whl.metadata (4.8 kB)
Collecting click-didyoumean>=0.3.0 (from celery==5.3.6->-r requirements.txt (line 40))
  Downloading click_didyoumean-0.3.1-py3-none-any.whl.metadata (3.9 kB)
Collecting click-plugins>=1.1.1 (from celery==5.3.6->-r requirements.txt (line 40))
  Downloading click_plugins-1.1.1.2-py2.py3-none-any.whl.metadata (6.5 kB)
Collecting click-repl>=0.2.0 (from celery==5.3.6->-r requirements.txt (line 40))
  Downloading click_repl-0.3.0-py3-none-any.whl.metadata (3.6 kB)
Collecting kombu<6.0,>=5.3.4 (from celery==5.3.6->-r requirements.txt (line 40))
  Downloading kombu-5.6.2-py3-none-any.whl.metadata (3.5 kB)
Collecting vine<6.0,>=5.1.0 (from celery==5.3.6->-r requirements.txt (line 40))
  Downloading vine-5.1.0-py3-none-any.whl.metadata (2.7 kB)
Collecting tenacity (from celery-redbeat==2.2.0->-r requirements.txt (line 41))
  Using cached tenacity-9.1.4-py3-none-any.whl.metadata (1.2 kB)
Collecting iniconfig (from pytest==8.0.0->-r requirements.txt (line 46))
  Downloading iniconfig-2.3.0-py3-none-any.whl.metadata (2.5 kB)
Collecting pluggy<2.0,>=1.3.0 (from pytest==8.0.0->-r requirements.txt (line 46))
  Downloading pluggy-1.6.0-py3-none-any.whl.metadata (4.8 kB)
INFO: pip is looking at multiple versions of pytest-asyncio to determine which version is compatible with other requirements. This could take a while.
ERROR: Cannot install -r requirements.txt (line 47) and pytest==8.0.0 because these package versions have conflicting dependencies.

The conflict is caused by:
    The user requested pytest==8.0.0
    pytest-asyncio 0.23.4 depends on pytest<8 and >=7.0.0

Additionally, some packages in these conflicts have no matching distributions available for your environment:
    pytest

To fix this you could try to:
1. loosen the range of package versions you've specified
2. remove package versions to allow pip to attempt to solve the dependency conflict

ERROR: ResolutionImpossible: for help visit https://pip.pypa.io/en/latest/topics/dependency-resolution/#dealing-with-dependency-conflicts
