Collecting fastapi==0.109.0 (from -r requirements.txt (line 2))
  Using cached fastapi-0.109.0-py3-none-any.whl.metadata (24 kB)
Collecting uvicorn==0.27.0 (from uvicorn[standard]==0.27.0->-r requirements.txt (line 3))
  Using cached uvicorn-0.27.0-py3-none-any.whl.metadata (6.4 kB)
Collecting python-multipart==0.0.6 (from -r requirements.txt (line 4))
  Using cached python_multipart-0.0.6-py3-none-any.whl.metadata (2.5 kB)
Collecting supabase==2.3.4 (from -r requirements.txt (line 7))
  Using cached supabase-2.3.4-py3-none-any.whl.metadata (8.5 kB)
Collecting psycopg2-binary==2.9.9 (from -r requirements.txt (line 8))
  Using cached psycopg2_binary-2.9.9-cp312-cp312-manylinux_2_17_x86_64.manylinux2014_x86_64.whl.metadata (4.4 kB)
Collecting sqlalchemy==2.0.25 (from -r requirements.txt (line 9))
  Using cached SQLAlchemy-2.0.25-cp312-cp312-manylinux_2_17_x86_64.manylinux2014_x86_64.whl.metadata (9.6 kB)
Collecting alembic==1.13.1 (from -r requirements.txt (line 10))
  Using cached alembic-1.13.1-py3-none-any.whl.metadata (7.4 kB)
Collecting redis==5.0.1 (from -r requirements.txt (line 11))
  Using cached redis-5.0.1-py3-none-any.whl.metadata (8.9 kB)
Collecting python-jose==3.3.0 (from python-jose[cryptography]==3.3.0->-r requirements.txt (line 14))
  Using cached python_jose-3.3.0-py2.py3-none-any.whl.metadata (5.4 kB)
Collecting passlib==1.7.4 (from passlib[bcrypt]==1.7.4->-r requirements.txt (line 15))
  Using cached passlib-1.7.4-py2.py3-none-any.whl.metadata (1.7 kB)
Collecting python-dotenv==1.0.0 (from -r requirements.txt (line 16))
  Using cached python_dotenv-1.0.0-py3-none-any.whl.metadata (21 kB)
Collecting cryptography==42.0.0 (from -r requirements.txt (line 17))
  Using cached cryptography-42.0.0-cp39-abi3-manylinux_2_28_x86_64.whl.metadata (5.3 kB)
Collecting httpx<0.26.0,>=0.24.0 (from -r requirements.txt (line 20))
  Using cached httpx-0.25.2-py3-none-any.whl.metadata (6.9 kB)
Collecting aiohttp==3.9.1 (from -r requirements.txt (line 21))
  Using cached aiohttp-3.9.1-cp312-cp312-manylinux_2_17_x86_64.manylinux2014_x86_64.whl.metadata (7.4 kB)
Collecting requests==2.31.0 (from -r requirements.txt (line 22))
  Using cached requests-2.31.0-py3-none-any.whl.metadata (4.6 kB)
Collecting web3==6.15.0 (from -r requirements.txt (line 25))
  Using cached web3-6.15.0-py3-none-any.whl.metadata (4.9 kB)
Collecting eth-account==0.10.0 (from -r requirements.txt (line 26))
  Using cached eth_account-0.10.0-py3-none-any.whl.metadata (5.4 kB)
Collecting pandas==2.2.0 (from -r requirements.txt (line 29))
  Using cached pandas-2.2.0-cp312-cp312-manylinux_2_17_x86_64.manylinux2014_x86_64.whl.metadata (19 kB)
Collecting numpy==1.26.3 (from -r requirements.txt (line 30))
  Using cached numpy-1.26.3-cp312-cp312-manylinux_2_17_x86_64.manylinux2014_x86_64.whl.metadata (61 kB)
Collecting pydantic==2.5.3 (from -r requirements.txt (line 31))
  Using cached pydantic-2.5.3-py3-none-any.whl.metadata (65 kB)
Collecting pytesseract==0.3.10 (from -r requirements.txt (line 34))
  Using cached pytesseract-0.3.10-py3-none-any.whl.metadata (11 kB)
Collecting Pillow==10.2.0 (from -r requirements.txt (line 35))
  Using cached pillow-10.2.0-cp312-cp312-manylinux_2_28_x86_64.whl.metadata (9.7 kB)
Collecting python-magic==0.4.27 (from -r requirements.txt (line 36))
  Using cached python_magic-0.4.27-py2.py3-none-any.whl.metadata (5.8 kB)
Collecting python-dateutil==2.8.2 (from -r requirements.txt (line 39))
  Using cached python_dateutil-2.8.2-py2.py3-none-any.whl.metadata (8.2 kB)
Collecting celery==5.3.6 (from -r requirements.txt (line 40))
  Using cached celery-5.3.6-py3-none-any.whl.metadata (21 kB)
Collecting celery-redbeat==2.2.0 (from -r requirements.txt (line 41))
  Using cached celery-redbeat-2.2.0.tar.gz (21 kB)
  Installing build dependencies: started
  Installing build dependencies: finished with status 'done'
  Getting requirements to build wheel: started
  Getting requirements to build wheel: finished with status 'done'
  Preparing metadata (pyproject.toml): started
  Preparing metadata (pyproject.toml): finished with status 'done'
Collecting sentry-sdk==1.40.0 (from -r requirements.txt (line 42))
  Using cached sentry_sdk-1.40.0-py2.py3-none-any.whl.metadata (9.7 kB)
Collecting structlog==24.1.0 (from -r requirements.txt (line 43))
  Using cached structlog-24.1.0-py3-none-any.whl.metadata (6.9 kB)
Collecting pytest<8.0.0,>=7.0.0 (from -r requirements.txt (line 46))
  Downloading pytest-7.4.4-py3-none-any.whl.metadata (7.9 kB)
Collecting pytest-asyncio==0.23.4 (from -r requirements.txt (line 47))
  Using cached pytest_asyncio-0.23.4-py3-none-any.whl.metadata (3.9 kB)
Collecting starlette<0.36.0,>=0.35.0 (from fastapi==0.109.0->-r requirements.txt (line 2))
  Using cached starlette-0.35.1-py3-none-any.whl.metadata (5.8 kB)
Collecting typing-extensions>=4.8.0 (from fastapi==0.109.0->-r requirements.txt (line 2))
  Using cached typing_extensions-4.15.0-py3-none-any.whl.metadata (3.3 kB)
Collecting annotated-types>=0.4.0 (from pydantic==2.5.3->-r requirements.txt (line 31))
  Using cached annotated_types-0.7.0-py3-none-any.whl.metadata (15 kB)
Collecting pydantic-core==2.14.6 (from pydantic==2.5.3->-r requirements.txt (line 31))
  Using cached pydantic_core-2.14.6-cp312-cp312-manylinux_2_17_x86_64.manylinux2014_x86_64.whl.metadata (6.5 kB)
Collecting click>=7.0 (from uvicorn==0.27.0->uvicorn[standard]==0.27.0->-r requirements.txt (line 3))
  Using cached click-8.3.2-py3-none-any.whl.metadata (2.6 kB)
Collecting h11>=0.8 (from uvicorn==0.27.0->uvicorn[standard]==0.27.0->-r requirements.txt (line 3))
  Using cached h11-0.16.0-py3-none-any.whl.metadata (8.3 kB)
Collecting gotrue<3.0,>=1.3 (from supabase==2.3.4->-r requirements.txt (line 7))
  Using cached gotrue-2.12.4-py3-none-any.whl.metadata (2.0 kB)
Collecting postgrest<0.16.0,>=0.10.8 (from supabase==2.3.4->-r requirements.txt (line 7))
  Using cached postgrest-0.15.1-py3-none-any.whl.metadata (5.1 kB)
Collecting realtime<2.0.0,>=1.0.0 (from supabase==2.3.4->-r requirements.txt (line 7))
  Using cached realtime-1.0.6-py3-none-any.whl.metadata (2.6 kB)
Collecting storage3<0.8.0,>=0.5.3 (from supabase==2.3.4->-r requirements.txt (line 7))
  Using cached storage3-0.7.7-py3-none-any.whl.metadata (1.9 kB)
Collecting supafunc<0.4.0,>=0.3.1 (from supabase==2.3.4->-r requirements.txt (line 7))
  Using cached supafunc-0.3.3-py3-none-any.whl.metadata (1.2 kB)
Collecting greenlet!=0.4.17 (from sqlalchemy==2.0.25->-r requirements.txt (line 9))
  Using cached greenlet-3.4.0-cp312-cp312-manylinux_2_24_x86_64.manylinux_2_28_x86_64.whl.metadata (3.7 kB)
Collecting Mako (from alembic==1.13.1->-r requirements.txt (line 10))
  Using cached mako-1.3.10-py3-none-any.whl.metadata (2.9 kB)
Collecting ecdsa!=0.15 (from python-jose==3.3.0->python-jose[cryptography]==3.3.0->-r requirements.txt (line 14))
  Using cached ecdsa-0.19.2-py2.py3-none-any.whl.metadata (29 kB)
Collecting rsa (from python-jose==3.3.0->python-jose[cryptography]==3.3.0->-r requirements.txt (line 14))
  Using cached rsa-4.9.1-py3-none-any.whl.metadata (5.6 kB)
Collecting pyasn1 (from python-jose==3.3.0->python-jose[cryptography]==3.3.0->-r requirements.txt (line 14))
  Using cached pyasn1-0.6.3-py3-none-any.whl.metadata (8.4 kB)
Collecting cffi>=1.12 (from cryptography==42.0.0->-r requirements.txt (line 17))
  Using cached cffi-2.0.0-cp312-cp312-manylinux2014_x86_64.manylinux_2_17_x86_64.whl.metadata (2.6 kB)
Collecting attrs>=17.3.0 (from aiohttp==3.9.1->-r requirements.txt (line 21))
  Using cached attrs-26.1.0-py3-none-any.whl.metadata (8.8 kB)
Collecting multidict<7.0,>=4.5 (from aiohttp==3.9.1->-r requirements.txt (line 21))
  Using cached multidict-6.7.1-cp312-cp312-manylinux2014_x86_64.manylinux_2_17_x86_64.manylinux_2_28_x86_64.whl.metadata (5.3 kB)
Collecting yarl<2.0,>=1.0 (from aiohttp==3.9.1->-r requirements.txt (line 21))
  Using cached yarl-1.23.0-cp312-cp312-manylinux2014_x86_64.manylinux_2_17_x86_64.manylinux_2_28_x86_64.whl.metadata (79 kB)
Collecting frozenlist>=1.1.1 (from aiohttp==3.9.1->-r requirements.txt (line 21))
  Using cached frozenlist-1.8.0-cp312-cp312-manylinux1_x86_64.manylinux_2_28_x86_64.manylinux_2_5_x86_64.whl.metadata (20 kB)
Collecting aiosignal>=1.1.2 (from aiohttp==3.9.1->-r requirements.txt (line 21))
  Using cached aiosignal-1.4.0-py3-none-any.whl.metadata (3.7 kB)
Collecting charset-normalizer<4,>=2 (from requests==2.31.0->-r requirements.txt (line 22))
  Using cached charset_normalizer-3.4.7-cp312-cp312-manylinux2014_x86_64.manylinux_2_17_x86_64.manylinux_2_28_x86_64.whl.metadata (40 kB)
Collecting idna<4,>=2.5 (from requests==2.31.0->-r requirements.txt (line 22))
  Using cached idna-3.11-py3-none-any.whl.metadata (8.4 kB)
Collecting urllib3<3,>=1.21.1 (from requests==2.31.0->-r requirements.txt (line 22))
  Using cached urllib3-2.6.3-py3-none-any.whl.metadata (6.9 kB)
Collecting certifi>=2017.4.17 (from requests==2.31.0->-r requirements.txt (line 22))
  Using cached certifi-2026.2.25-py3-none-any.whl.metadata (2.5 kB)
Collecting eth-abi>=4.0.0 (from web3==6.15.0->-r requirements.txt (line 25))
  Using cached eth_abi-5.2.0-py3-none-any.whl.metadata (3.8 kB)
Collecting eth-hash>=0.5.1 (from eth-hash[pycryptodome]>=0.5.1->web3==6.15.0->-r requirements.txt (line 25))
  Using cached eth_hash-0.8.0-py3-none-any.whl.metadata (4.1 kB)
Collecting eth-typing>=3.0.0 (from web3==6.15.0->-r requirements.txt (line 25))
  Using cached eth_typing-6.0.0-py3-none-any.whl.metadata (3.1 kB)
Collecting eth-utils>=2.1.0 (from web3==6.15.0->-r requirements.txt (line 25))
  Using cached eth_utils-6.0.0-py3-none-any.whl.metadata (5.6 kB)
Collecting hexbytes<0.4.0,>=0.1.0 (from web3==6.15.0->-r requirements.txt (line 25))
  Using cached hexbytes-0.3.1-py3-none-any.whl.metadata (5.5 kB)
Collecting jsonschema>=4.0.0 (from web3==6.15.0->-r requirements.txt (line 25))
  Using cached jsonschema-4.26.0-py3-none-any.whl.metadata (7.6 kB)
Collecting lru-dict<1.3.0,>=1.1.6 (from web3==6.15.0->-r requirements.txt (line 25))
  Using cached lru-dict-1.2.0.tar.gz (10 kB)
  Installing build dependencies: started
  Installing build dependencies: finished with status 'done'
  Getting requirements to build wheel: started
  Getting requirements to build wheel: finished with status 'done'
  Preparing metadata (pyproject.toml): started
  Preparing metadata (pyproject.toml): finished with status 'done'
Collecting protobuf>=4.21.6 (from web3==6.15.0->-r requirements.txt (line 25))
  Using cached protobuf-7.34.1-cp310-abi3-manylinux2014_x86_64.whl.metadata (595 bytes)
Collecting websockets>=10.0.0 (from web3==6.15.0->-r requirements.txt (line 25))
  Using cached websockets-16.0-cp312-cp312-manylinux1_x86_64.manylinux_2_28_x86_64.manylinux_2_5_x86_64.whl.metadata (6.8 kB)
Collecting pyunormalize>=15.0.0 (from web3==6.15.0->-r requirements.txt (line 25))
  Using cached pyunormalize-17.0.0-py3-none-any.whl.metadata (5.7 kB)
Collecting bitarray>=2.4.0 (from eth-account==0.10.0->-r requirements.txt (line 26))
  Using cached bitarray-3.8.1-cp312-cp312-manylinux2014_x86_64.manylinux_2_17_x86_64.manylinux_2_28_x86_64.whl.metadata (34 kB)
Collecting eth-abi>=4.0.0 (from web3==6.15.0->-r requirements.txt (line 25))
  Using cached eth_abi-6.0.0b1-py3-none-any.whl.metadata (3.8 kB)
Collecting eth-keyfile>=0.6.0 (from eth-account==0.10.0->-r requirements.txt (line 26))
  Using cached eth_keyfile-0.9.1-py3-none-any.whl.metadata (11 kB)
Collecting eth-keys>=0.4.0 (from eth-account==0.10.0->-r requirements.txt (line 26))
  Using cached eth_keys-0.7.0-py3-none-any.whl.metadata (13 kB)
Collecting eth-rlp>=0.3.0 (from eth-account==0.10.0->-r requirements.txt (line 26))
  Using cached eth_rlp-2.2.0-py3-none-any.whl.metadata (3.3 kB)
Collecting rlp>=1.0.0 (from eth-account==0.10.0->-r requirements.txt (line 26))
  Using cached rlp-4.1.0-py3-none-any.whl.metadata (3.2 kB)
Collecting pytz>=2020.1 (from pandas==2.2.0->-r requirements.txt (line 29))
  Using cached pytz-2026.1.post1-py2.py3-none-any.whl.metadata (22 kB)
Collecting tzdata>=2022.7 (from pandas==2.2.0->-r requirements.txt (line 29))
  Using cached tzdata-2026.1-py2.py3-none-any.whl.metadata (1.4 kB)
Collecting packaging>=21.3 (from pytesseract==0.3.10->-r requirements.txt (line 34))
  Using cached packaging-26.0-py3-none-any.whl.metadata (3.3 kB)
Collecting six>=1.5 (from python-dateutil==2.8.2->-r requirements.txt (line 39))
  Using cached six-1.17.0-py2.py3-none-any.whl.metadata (1.7 kB)
Collecting billiard<5.0,>=4.2.0 (from celery==5.3.6->-r requirements.txt (line 40))
  Using cached billiard-4.2.4-py3-none-any.whl.metadata (4.8 kB)
Collecting click-didyoumean>=0.3.0 (from celery==5.3.6->-r requirements.txt (line 40))
  Using cached click_didyoumean-0.3.1-py3-none-any.whl.metadata (3.9 kB)
Collecting click-plugins>=1.1.1 (from celery==5.3.6->-r requirements.txt (line 40))
  Using cached click_plugins-1.1.1.2-py2.py3-none-any.whl.metadata (6.5 kB)
Collecting click-repl>=0.2.0 (from celery==5.3.6->-r requirements.txt (line 40))
  Using cached click_repl-0.3.0-py3-none-any.whl.metadata (3.6 kB)
Collecting kombu<6.0,>=5.3.4 (from celery==5.3.6->-r requirements.txt (line 40))
  Using cached kombu-5.6.2-py3-none-any.whl.metadata (3.5 kB)
Collecting vine<6.0,>=5.1.0 (from celery==5.3.6->-r requirements.txt (line 40))
  Using cached vine-5.1.0-py3-none-any.whl.metadata (2.7 kB)
Collecting tenacity (from celery-redbeat==2.2.0->-r requirements.txt (line 41))
  Using cached tenacity-9.1.4-py3-none-any.whl.metadata (1.2 kB)
Collecting bcrypt>=3.1.0 (from passlib[bcrypt]==1.7.4->-r requirements.txt (line 15))
  Downloading bcrypt-5.0.0-cp39-abi3-manylinux_2_34_x86_64.whl.metadata (10 kB)
Collecting httptools>=0.5.0 (from uvicorn[standard]==0.27.0->-r requirements.txt (line 3))
  Downloading httptools-0.7.1-cp312-cp312-manylinux1_x86_64.manylinux_2_28_x86_64.manylinux_2_5_x86_64.whl.metadata (3.5 kB)
Collecting pyyaml>=5.1 (from uvicorn[standard]==0.27.0->-r requirements.txt (line 3))
  Using cached pyyaml-6.0.3-cp312-cp312-manylinux2014_x86_64.manylinux_2_17_x86_64.manylinux_2_28_x86_64.whl.metadata (2.4 kB)
Collecting uvloop!=0.15.0,!=0.15.1,>=0.14.0 (from uvicorn[standard]==0.27.0->-r requirements.txt (line 3))
  Downloading uvloop-0.22.1-cp312-cp312-manylinux2014_x86_64.manylinux_2_17_x86_64.manylinux_2_28_x86_64.whl.metadata (4.9 kB)
Collecting watchfiles>=0.13 (from uvicorn[standard]==0.27.0->-r requirements.txt (line 3))
  Downloading watchfiles-1.1.1-cp312-cp312-manylinux_2_17_x86_64.manylinux2014_x86_64.whl.metadata (4.9 kB)
Collecting anyio (from httpx<0.26.0,>=0.24.0->-r requirements.txt (line 20))
  Using cached anyio-4.13.0-py3-none-any.whl.metadata (4.5 kB)
Collecting httpcore==1.* (from httpx<0.26.0,>=0.24.0->-r requirements.txt (line 20))
  Using cached httpcore-1.0.9-py3-none-any.whl.metadata (21 kB)
Collecting sniffio (from httpx<0.26.0,>=0.24.0->-r requirements.txt (line 20))
  Using cached sniffio-1.3.1-py3-none-any.whl.metadata (3.9 kB)
Collecting iniconfig (from pytest<8.0.0,>=7.0.0->-r requirements.txt (line 46))
  Using cached iniconfig-2.3.0-py3-none-any.whl.metadata (2.5 kB)
Collecting pluggy<2.0,>=0.12 (from pytest<8.0.0,>=7.0.0->-r requirements.txt (line 46))
  Using cached pluggy-1.6.0-py3-none-any.whl.metadata (4.8 kB)
INFO: pip is looking at multiple versions of gotrue to determine which version is compatible with other requirements. This could take a while.
Collecting gotrue<3.0,>=1.3 (from supabase==2.3.4->-r requirements.txt (line 7))
  Downloading gotrue-2.12.3-py3-none-any.whl.metadata (6.5 kB)
  Downloading gotrue-2.12.2-py3-none-any.whl.metadata (6.5 kB)
  Downloading gotrue-2.12.0-py3-none-any.whl.metadata (6.1 kB)
  Downloading gotrue-2.11.4-py3-none-any.whl.metadata (6.0 kB)
  Downloading gotrue-2.11.3-py3-none-any.whl.metadata (6.0 kB)
  Downloading gotrue-2.11.2-py3-none-any.whl.metadata (6.0 kB)
  Downloading gotrue-2.11.1-py3-none-any.whl.metadata (6.0 kB)
INFO: pip is still looking at multiple versions of gotrue to determine which version is compatible with other requirements. This could take a while.
  Downloading gotrue-2.11.0-py3-none-any.whl.metadata (6.0 kB)
  Downloading gotrue-2.10.0-py3-none-any.whl.metadata (6.0 kB)
  Downloading gotrue-2.9.3-py3-none-any.whl.metadata (6.0 kB)
  Downloading gotrue-2.9.2-py3-none-any.whl.metadata (6.0 kB)
  Downloading gotrue-2.9.1-py3-none-any.whl.metadata (6.0 kB)
Collecting h2<5,>=3 (from httpx[http2]<0.28,>=0.24->gotrue<3.0,>=1.3->supabase==2.3.4->-r requirements.txt (line 7))
  Using cached h2-4.3.0-py3-none-any.whl.metadata (5.1 kB)
Collecting hyperframe<7,>=6.1 (from h2<5,>=3->httpx[http2]<0.28,>=0.24->gotrue<3.0,>=1.3->supabase==2.3.4->-r requirements.txt (line 7))
  Using cached hyperframe-6.1.0-py3-none-any.whl.metadata (4.3 kB)
Collecting hpack<5,>=4.1 (from h2<5,>=3->httpx[http2]<0.28,>=0.24->gotrue<3.0,>=1.3->supabase==2.3.4->-r requirements.txt (line 7))
  Using cached hpack-4.1.0-py3-none-any.whl.metadata (4.6 kB)
Collecting amqp<6.0.0,>=5.1.1 (from kombu<6.0,>=5.3.4->celery==5.3.6->-r requirements.txt (line 40))
  Downloading amqp-5.3.1-py3-none-any.whl.metadata (8.9 kB)
Collecting deprecation<3.0.0,>=2.1.0 (from postgrest<0.16.0,>=0.10.8->supabase==2.3.4->-r requirements.txt (line 7))
  Using cached deprecation-2.1.0-py2.py3-none-any.whl.metadata (4.6 kB)
Collecting strenum<0.5.0,>=0.4.9 (from postgrest<0.16.0,>=0.10.8->supabase==2.3.4->-r requirements.txt (line 7))
  Using cached StrEnum-0.4.15-py3-none-any.whl.metadata (5.3 kB)
Collecting websockets>=10.0.0 (from web3==6.15.0->-r requirements.txt (line 25))
  Downloading websockets-12.0-cp312-cp312-manylinux_2_5_x86_64.manylinux1_x86_64.manylinux_2_17_x86_64.manylinux2014_x86_64.whl.metadata (6.6 kB)
Collecting propcache>=0.2.1 (from yarl<2.0,>=1.0->aiohttp==3.9.1->-r requirements.txt (line 21))
  Using cached propcache-0.4.1-cp312-cp312-manylinux2014_x86_64.manylinux_2_17_x86_64.manylinux_2_28_x86_64.whl.metadata (13 kB)
Collecting pycparser (from cffi>=1.12->cryptography==42.0.0->-r requirements.txt (line 17))
  Using cached pycparser-3.0-py3-none-any.whl.metadata (8.2 kB)
Collecting prompt-toolkit>=3.0.36 (from click-repl>=0.2.0->celery==5.3.6->-r requirements.txt (line 40))
  Downloading prompt_toolkit-3.0.52-py3-none-any.whl.metadata (6.4 kB)
Collecting parsimonious<0.11.0,>=0.10.0 (from eth-abi>=4.0.0->web3==6.15.0->-r requirements.txt (line 25))
  Using cached parsimonious-0.10.0-py3-none-any.whl.metadata (25 kB)
Collecting regex>=2022.3.15 (from parsimonious<0.11.0,>=0.10.0->eth-abi>=4.0.0->web3==6.15.0->-r requirements.txt (line 25))
  Using cached regex-2026.4.4-cp312-cp312-manylinux2014_x86_64.manylinux_2_17_x86_64.manylinux_2_28_x86_64.whl.metadata (40 kB)
Collecting pycryptodome<4,>=3.6.6 (from eth-hash[pycryptodome]>=0.5.1->web3==6.15.0->-r requirements.txt (line 25))
  Using cached pycryptodome-3.23.0-cp37-abi3-manylinux_2_17_x86_64.manylinux2014_x86_64.whl.metadata (3.4 kB)
Collecting py_ecc>=5.2.0 (from eth-keyfile>=0.6.0->eth-account==0.10.0->-r requirements.txt (line 26))
  Downloading py_ecc-8.0.0-py3-none-any.whl.metadata (3.1 kB)
INFO: pip is looking at multiple versions of eth-rlp to determine which version is compatible with other requirements. This could take a while.
Collecting eth-rlp>=0.3.0 (from eth-account==0.10.0->-r requirements.txt (line 26))
  Downloading eth_rlp-2.1.0-py3-none-any.whl.metadata (4.6 kB)
  Downloading eth_rlp-2.0.0-py3-none-any.whl.metadata (4.6 kB)
  Downloading eth_rlp-1.0.1-py3-none-any.whl.metadata (4.5 kB)
Collecting cytoolz>=0.10.1 (from eth-utils>=2.1.0->web3==6.15.0->-r requirements.txt (line 25))
  Using cached cytoolz-1.1.0-cp312-cp312-manylinux2014_x86_64.manylinux_2_17_x86_64.manylinux_2_28_x86_64.whl.metadata (5.2 kB)
Collecting toolz>=0.8.0 (from cytoolz>=0.10.1->eth-utils>=2.1.0->web3==6.15.0->-r requirements.txt (line 25))
  Using cached toolz-1.1.0-py3-none-any.whl.metadata (5.1 kB)
Collecting jsonschema-specifications>=2023.03.6 (from jsonschema>=4.0.0->web3==6.15.0->-r requirements.txt (line 25))
  Downloading jsonschema_specifications-2025.9.1-py3-none-any.whl.metadata (2.9 kB)
Collecting referencing>=0.28.4 (from jsonschema>=4.0.0->web3==6.15.0->-r requirements.txt (line 25))
  Downloading referencing-0.37.0-py3-none-any.whl.metadata (2.8 kB)
Collecting rpds-py>=0.25.0 (from jsonschema>=4.0.0->web3==6.15.0->-r requirements.txt (line 25))
  Downloading rpds_py-0.30.0-cp312-cp312-manylinux_2_17_x86_64.manylinux2014_x86_64.whl.metadata (4.1 kB)
Collecting wcwidth (from prompt-toolkit>=3.0.36->click-repl>=0.2.0->celery==5.3.6->-r requirements.txt (line 40))
  Downloading wcwidth-0.6.0-py3-none-any.whl.metadata (30 kB)
Collecting MarkupSafe>=0.9.2 (from Mako->alembic==1.13.1->-r requirements.txt (line 10))
  Using cached markupsafe-3.0.3-cp312-cp312-manylinux2014_x86_64.manylinux_2_17_x86_64.manylinux_2_28_x86_64.whl.metadata (2.7 kB)
Downloading fastapi-0.109.0-py3-none-any.whl (92 kB)
Downloading pydantic-2.5.3-py3-none-any.whl (381 kB)
Downloading uvicorn-0.27.0-py3-none-any.whl (60 kB)
Downloading python_multipart-0.0.6-py3-none-any.whl (45 kB)
Downloading supabase-2.3.4-py3-none-any.whl (15 kB)
Downloading psycopg2_binary-2.9.9-cp312-cp312-manylinux_2_17_x86_64.manylinux2014_x86_64.whl (3.0 MB)
   ━━━━━━━━━━━━━━━━━━━━━━━━━━━━━━━━━━━━━━━━ 3.0/3.0 MB 33.1 MB/s  0:00:00
Downloading SQLAlchemy-2.0.25-cp312-cp312-manylinux_2_17_x86_64.manylinux2014_x86_64.whl (3.2 MB)
   ━━━━━━━━━━━━━━━━━━━━━━━━━━━━━━━━━━━━━━━━ 3.2/3.2 MB 31.1 MB/s  0:00:00
Downloading alembic-1.13.1-py3-none-any.whl (233 kB)
Downloading redis-5.0.1-py3-none-any.whl (250 kB)
Downloading python_jose-3.3.0-py2.py3-none-any.whl (33 kB)
Downloading passlib-1.7.4-py2.py3-none-any.whl (525 kB)
   ━━━━━━━━━━━━━━━━━━━━━━━━━━━━━━━━━━━━━━━━ 525.6/525.6 kB 6.8 MB/s  0:00:00
Downloading python_dotenv-1.0.0-py3-none-any.whl (19 kB)
Downloading cryptography-42.0.0-cp39-abi3-manylinux_2_28_x86_64.whl (4.6 MB)
   ━━━━━━━━━━━━━━━━━━━━━━━━━━━━━━━━━━━━━━━━ 4.6/4.6 MB 23.9 MB/s  0:00:00
Downloading aiohttp-3.9.1-cp312-cp312-manylinux_2_17_x86_64.manylinux2014_x86_64.whl (1.3 MB)
   ━━━━━━━━━━━━━━━━━━━━━━━━━━━━━━━━━━━━━━━━ 1.3/1.3 MB 22.5 MB/s  0:00:00
Downloading requests-2.31.0-py3-none-any.whl (62 kB)
Downloading web3-6.15.0-py3-none-any.whl (1.6 MB)
   ━━━━━━━━━━━━━━━━━━━━━━━━━━━━━━━━━━━━━━━━ 1.6/1.6 MB 16.6 MB/s  0:00:00
Downloading eth_account-0.10.0-py3-none-any.whl (109 kB)
Downloading pandas-2.2.0-cp312-cp312-manylinux_2_17_x86_64.manylinux2014_x86_64.whl (12.7 MB)
   ━━━━━━━━━━━━━━━━━━━━━━━━━━━━━━━━━━━━━━━━ 12.7/12.7 MB 23.5 MB/s  0:00:00
Downloading numpy-1.26.3-cp312-cp312-manylinux_2_17_x86_64.manylinux2014_x86_64.whl (18.0 MB)
   ━━━━━━━━━━━━━━━━━━━━━━━━━━━━━━━━━━━━━━━━ 18.0/18.0 MB 29.0 MB/s  0:00:00
Downloading pytesseract-0.3.10-py3-none-any.whl (14 kB)
Downloading pillow-10.2.0-cp312-cp312-manylinux_2_28_x86_64.whl (4.5 MB)
   ━━━━━━━━━━━━━━━━━━━━━━━━━━━━━━━━━━━━━━━━ 4.5/4.5 MB 20.6 MB/s  0:00:00
Using cached python_magic-0.4.27-py2.py3-none-any.whl (13 kB)
Downloading python_dateutil-2.8.2-py2.py3-none-any.whl (247 kB)
Downloading celery-5.3.6-py3-none-any.whl (422 kB)
Downloading sentry_sdk-1.40.0-py2.py3-none-any.whl (257 kB)
Downloading structlog-24.1.0-py3-none-any.whl (65 kB)
Downloading pytest_asyncio-0.23.4-py3-none-any.whl (17 kB)
Downloading pydantic_core-2.14.6-cp312-cp312-manylinux_2_17_x86_64.manylinux2014_x86_64.whl (2.1 MB)
   ━━━━━━━━━━━━━━━━━━━━━━━━━━━━━━━━━━━━━━━━ 2.1/2.1 MB 19.5 MB/s  0:00:00
Downloading httpx-0.25.2-py3-none-any.whl (74 kB)
Downloading pytest-7.4.4-py3-none-any.whl (325 kB)
Downloading billiard-4.2.4-py3-none-any.whl (87 kB)
Using cached charset_normalizer-3.4.7-cp312-cp312-manylinux2014_x86_64.manylinux_2_17_x86_64.manylinux_2_28_x86_64.whl (216 kB)
Using cached click-8.3.2-py3-none-any.whl (108 kB)
Downloading gotrue-2.9.1-py3-none-any.whl (48 kB)
Downloading hexbytes-0.3.1-py3-none-any.whl (5.9 kB)
Using cached httpcore-1.0.9-py3-none-any.whl (78 kB)
Using cached h2-4.3.0-py3-none-any.whl (61 kB)
Using cached hpack-4.1.0-py3-none-any.whl (34 kB)
Using cached hyperframe-6.1.0-py3-none-any.whl (13 kB)
Using cached idna-3.11-py3-none-any.whl (71 kB)
Downloading kombu-5.6.2-py3-none-any.whl (214 kB)
Downloading vine-5.1.0-py3-none-any.whl (9.6 kB)
Downloading amqp-5.3.1-py3-none-any.whl (50 kB)
Using cached multidict-6.7.1-cp312-cp312-manylinux2014_x86_64.manylinux_2_17_x86_64.manylinux_2_28_x86_64.whl (256 kB)
Downloading pluggy-1.6.0-py3-none-any.whl (20 kB)
Downloading postgrest-0.15.1-py3-none-any.whl (19 kB)
Using cached deprecation-2.1.0-py2.py3-none-any.whl (11 kB)
Downloading realtime-1.0.6-py3-none-any.whl (9.0 kB)
Downloading starlette-0.35.1-py3-none-any.whl (71 kB)
Using cached anyio-4.13.0-py3-none-any.whl (114 kB)
Downloading storage3-0.7.7-py3-none-any.whl (16 kB)
Using cached StrEnum-0.4.15-py3-none-any.whl (8.9 kB)
Downloading supafunc-0.3.3-py3-none-any.whl (6.1 kB)
Using cached typing_extensions-4.15.0-py3-none-any.whl (44 kB)
Using cached urllib3-2.6.3-py3-none-any.whl (131 kB)
Downloading websockets-12.0-cp312-cp312-manylinux_2_5_x86_64.manylinux1_x86_64.manylinux_2_17_x86_64.manylinux2014_x86_64.whl (131 kB)
Using cached yarl-1.23.0-cp312-cp312-manylinux2014_x86_64.manylinux_2_17_x86_64.manylinux_2_28_x86_64.whl (100 kB)
Using cached aiosignal-1.4.0-py3-none-any.whl (7.5 kB)
Using cached annotated_types-0.7.0-py3-none-any.whl (13 kB)
Using cached attrs-26.1.0-py3-none-any.whl (67 kB)
Downloading bcrypt-5.0.0-cp39-abi3-manylinux_2_34_x86_64.whl (278 kB)
Using cached bitarray-3.8.1-cp312-cp312-manylinux2014_x86_64.manylinux_2_17_x86_64.manylinux_2_28_x86_64.whl (343 kB)
Using cached certifi-2026.2.25-py3-none-any.whl (153 kB)
Using cached cffi-2.0.0-cp312-cp312-manylinux2014_x86_64.manylinux_2_17_x86_64.whl (219 kB)
Downloading click_didyoumean-0.3.1-py3-none-any.whl (3.6 kB)
Downloading click_plugins-1.1.1.2-py2.py3-none-any.whl (11 kB)
Downloading click_repl-0.3.0-py3-none-any.whl (10 kB)
Downloading ecdsa-0.19.2-py2.py3-none-any.whl (150 kB)
Downloading eth_abi-6.0.0b1-py3-none-any.whl (28 kB)
Using cached parsimonious-0.10.0-py3-none-any.whl (48 kB)
Using cached eth_hash-0.8.0-py3-none-any.whl (8.0 kB)
Using cached pycryptodome-3.23.0-cp37-abi3-manylinux_2_17_x86_64.manylinux2014_x86_64.whl (2.3 MB)
Downloading eth_keyfile-0.9.1-py3-none-any.whl (9.9 kB)
Using cached eth_keys-0.7.0-py3-none-any.whl (20 kB)
Downloading eth_rlp-1.0.1-py3-none-any.whl (4.9 kB)
Using cached eth_typing-6.0.0-py3-none-any.whl (19 kB)
Using cached eth_utils-6.0.0-py3-none-any.whl (102 kB)
Using cached cytoolz-1.1.0-cp312-cp312-manylinux2014_x86_64.manylinux_2_17_x86_64.manylinux_2_28_x86_64.whl (2.9 MB)
Using cached frozenlist-1.8.0-cp312-cp312-manylinux1_x86_64.manylinux_2_28_x86_64.manylinux_2_5_x86_64.whl (242 kB)
Downloading greenlet-3.4.0-cp312-cp312-manylinux_2_24_x86_64.manylinux_2_28_x86_64.whl (615 kB)
   ━━━━━━━━━━━━━━━━━━━━━━━━━━━━━━━━━━━━━━━━ 615.1/615.1 kB 10.7 MB/s  0:00:00
Using cached h11-0.16.0-py3-none-any.whl (37 kB)
Downloading httptools-0.7.1-cp312-cp312-manylinux1_x86_64.manylinux_2_28_x86_64.manylinux_2_5_x86_64.whl (517 kB)
Downloading jsonschema-4.26.0-py3-none-any.whl (90 kB)
Downloading jsonschema_specifications-2025.9.1-py3-none-any.whl (18 kB)
Using cached packaging-26.0-py3-none-any.whl (74 kB)
Downloading prompt_toolkit-3.0.52-py3-none-any.whl (391 kB)
Using cached propcache-0.4.1-cp312-cp312-manylinux2014_x86_64.manylinux_2_17_x86_64.manylinux_2_28_x86_64.whl (221 kB)
Downloading protobuf-7.34.1-cp310-abi3-manylinux2014_x86_64.whl (324 kB)
Downloading py_ecc-8.0.0-py3-none-any.whl (47 kB)
Downloading pytz-2026.1.post1-py2.py3-none-any.whl (510 kB)
Using cached pyunormalize-17.0.0-py3-none-any.whl (51 kB)
Using cached pyyaml-6.0.3-cp312-cp312-manylinux2014_x86_64.manylinux_2_17_x86_64.manylinux_2_28_x86_64.whl (807 kB)
Downloading referencing-0.37.0-py3-none-any.whl (26 kB)
Using cached regex-2026.4.4-cp312-cp312-manylinux2014_x86_64.manylinux_2_17_x86_64.manylinux_2_28_x86_64.whl (801 kB)
Using cached rlp-4.1.0-py3-none-any.whl (19 kB)
Downloading rpds_py-0.30.0-cp312-cp312-manylinux_2_17_x86_64.manylinux2014_x86_64.whl (394 kB)
Using cached six-1.17.0-py2.py3-none-any.whl (11 kB)
Using cached toolz-1.1.0-py3-none-any.whl (58 kB)
Downloading tzdata-2026.1-py2.py3-none-any.whl (348 kB)
Downloading uvloop-0.22.1-cp312-cp312-manylinux2014_x86_64.manylinux_2_17_x86_64.manylinux_2_28_x86_64.whl (4.4 MB)
   ━━━━━━━━━━━━━━━━━━━━━━━━━━━━━━━━━━━━━━━━ 4.4/4.4 MB 21.0 MB/s  0:00:00
Downloading watchfiles-1.1.1-cp312-cp312-manylinux_2_17_x86_64.manylinux2014_x86_64.whl (456 kB)
Downloading iniconfig-2.3.0-py3-none-any.whl (7.5 kB)
Downloading mako-1.3.10-py3-none-any.whl (78 kB)
Using cached markupsafe-3.0.3-cp312-cp312-manylinux2014_x86_64.manylinux_2_17_x86_64.manylinux_2_28_x86_64.whl (22 kB)
Downloading pyasn1-0.6.3-py3-none-any.whl (83 kB)
Using cached pycparser-3.0-py3-none-any.whl (48 kB)
Downloading rsa-4.9.1-py3-none-any.whl (34 kB)
Using cached sniffio-1.3.1-py3-none-any.whl (10 kB)
Using cached tenacity-9.1.4-py3-none-any.whl (28 kB)
Downloading wcwidth-0.6.0-py3-none-any.whl (94 kB)
Building wheels for collected packages: celery-redbeat, lru-dict
  Building wheel for celery-redbeat (pyproject.toml): started
  Building wheel for celery-redbeat (pyproject.toml): finished with status 'done'
  Created wheel for celery-redbeat: filename=celery_redbeat-2.2.0-py2.py3-none-any.whl size=14727 sha256=64a82c3e4b5b021590f1d0555dc1403e4184d7ef8aeaa16bb8ab482740778659
  Stored in directory: /root/.cache/pip/wheels/94/9a/b4/a49a6aed13c1db74b2920799ac2a02e16023c8a84140a4070a
  Building wheel for lru-dict (pyproject.toml): started
  Building wheel for lru-dict (pyproject.toml): finished with status 'done'
  Created wheel for lru-dict: filename=lru_dict-1.2.0-cp312-cp312-linux_x86_64.whl size=28637 sha256=9e8b142ae2442f18cc82e2207d1d00b1c8f6fa92f3aa8f7ec9f4d3f265cc7262
  Stored in directory: /root/.cache/pip/wheels/b6/28/14/52f33f2819c0f66e8c109a8a9267177ad02ecd8a47931d3d80
Successfully built celery-redbeat lru-dict
Installing collected packages: strenum, pytz, passlib, lru-dict, bitarray, websockets, wcwidth, vine, uvloop, urllib3, tzdata, typing-extensions, toolz, tenacity, structlog, sniffio, six, rpds-py, regex, redis, pyyaml, pyunormalize, python-multipart, python-magic, python-dotenv, pycryptodome, pycparser, pyasn1, psycopg2-binary, protobuf, propcache, pluggy, Pillow, packaging, numpy, multidict, MarkupSafe, iniconfig, idna, hyperframe, httptools, hpack, hexbytes, h11, greenlet, frozenlist, eth-hash, click, charset-normalizer, certifi, billiard, bcrypt, attrs, annotated-types, yarl, uvicorn, sqlalchemy, sentry-sdk, rsa, requests, referencing, python-dateutil, pytest, pytesseract, pydantic-core, prompt-toolkit, parsimonious, Mako, httpcore, h2, eth-typing, ecdsa, deprecation, cytoolz, click-plugins, click-didyoumean, cffi, anyio, amqp, aiosignal, watchfiles, starlette, realtime, python-jose, pytest-asyncio, pydantic, pandas, kombu, jsonschema-specifications, httpx, cryptography, click-repl, alembic, aiohttp, supafunc, postgrest, jsonschema, fastapi, eth-utils, celery, storage3, rlp, py_ecc, gotrue, eth-keys, eth-abi, celery-redbeat, supabase, eth-rlp, eth-keyfile, eth-account, web3

Successfully installed Mako-1.3.10 MarkupSafe-3.0.3 Pillow-10.2.0 aiohttp-3.9.1 aiosignal-1.4.0 alembic-1.13.1 amqp-5.3.1 annotated-types-0.7.0 anyio-4.13.0 attrs-26.1.0 bcrypt-5.0.0 billiard-4.2.4 bitarray-3.8.1 celery-5.3.6 celery-redbeat-2.2.0 certifi-2026.2.25 cffi-2.0.0 charset-normalizer-3.4.7 click-8.3.2 click-didyoumean-0.3.1 click-plugins-1.1.1.2 click-repl-0.3.0 cryptography-42.0.0 cytoolz-1.1.0 deprecation-2.1.0 ecdsa-0.19.2 eth-abi-6.0.0b1 eth-account-0.10.0 eth-hash-0.8.0 eth-keyfile-0.9.1 eth-keys-0.7.0 eth-rlp-1.0.1 eth-typing-6.0.0 eth-utils-6.0.0 fastapi-0.109.0 frozenlist-1.8.0 gotrue-2.9.1 greenlet-3.4.0 h11-0.16.0 h2-4.3.0 hexbytes-0.3.1 hpack-4.1.0 httpcore-1.0.9 httptools-0.7.1 httpx-0.25.2 hyperframe-6.1.0 idna-3.11 iniconfig-2.3.0 jsonschema-4.26.0 jsonschema-specifications-2025.9.1 kombu-5.6.2 lru-dict-1.2.0 multidict-6.7.1 numpy-1.26.3 packaging-26.0 pandas-2.2.0 parsimonious-0.10.0 passlib-1.7.4 pluggy-1.6.0 postgrest-0.15.1 prompt-toolkit-3.0.52 propcache-0.4.1 protobuf-7.34.1 psycopg2-binary-2.9.9 py_ecc-8.0.0 pyasn1-0.6.3 pycparser-3.0 pycryptodome-3.23.0 pydantic-2.5.3 pydantic-core-2.14.6 pytesseract-0.3.10 pytest-7.4.4 pytest-asyncio-0.23.4 python-dateutil-2.8.2 python-dotenv-1.0.0 python-jose-3.3.0 python-magic-0.4.27 python-multipart-0.0.6 pytz-2026.1.post1 pyunormalize-17.0.0 pyyaml-6.0.3 realtime-1.0.6 redis-5.0.1 referencing-0.37.0 regex-2026.4.4 requests-2.31.0 rlp-4.1.0 rpds-py-0.30.0 rsa-4.9.1 sentry-sdk-1.40.0 six-1.17.0 sniffio-1.3.1 sqlalchemy-2.0.25 starlette-0.35.1 storage3-0.7.7 strenum-0.4.15 structlog-24.1.0 supabase-2.3.4 supafunc-0.3.3 tenacity-9.1.4 toolz-1.1.0 typing-extensions-4.15.0 tzdata-2026.1 urllib3-2.6.3 uvicorn-0.27.0 uvloop-0.22.1 vine-5.1.0 watchfiles-1.1.1 wcwidth-0.6.0 web3-6.15.0 websockets-12.0 yarl-1.23.0
